-------------------------------------------------------------------------------
Test set: MorraTest
-------------------------------------------------------------------------------
Tests run: 7, Failures: 1, Errors: 0, Skipped: 0, Time elapsed: 0.024 s <<< FAILURE! - in MorraTest
checkConnection2  Time elapsed: 0.01 s  <<< FAILURE!
org.opentest4j.AssertionFailedError: should be true where 2 players are connected ==> expected: <true> but was: <false>
	at MorraTest.checkConnection2(MorraTest.java:29)

